2025-07-13 12:06:14 - INFO - Getting site :- PHLMS
2025-07-13 12:06:15 - INFO - Loggin successfull ...
2025-07-13 12:06:15 - INFO - I am in container creation mode, THANKYOU ...
2025-07-13 12:06:16 - INFO - Using product is :- 22202450
2025-07-13 12:06:16 - INFO - Quantity to be prep :- 11
2025-07-13 12:06:16 - INFO - Batch Number is :- 0164969382
2025-07-13 12:06:16 - INFO - Validating ........
2025-07-13 12:06:20 - INFO - Container created successfully
2025-07-13 12:06:20 - INFO - getting some sample of containers.....
2025-07-13 12:06:22 - INFO - Total Number of containers is :- 11 data found
2025-07-13 12:06:24 - INFO - Sample of Contianers is 
  index       Batch       Container No.  Location   Product   Grade  ... Modified Date Version Modified By Movement Status Send To SAP Device Used
0        0164969382  649693820440399119  OVERFLOW  22202450  PCGR45  ...    2025-07-13       0         SAP      _Immobile_          No            
1        0164969382  649693820440399118  OVERFLOW  22202450  PCGR45  ...    2025-07-13       0         SAP      _Immobile_          No            
2        0164969382  649693820440399117  OVERFLOW  22202450  PCGR45  ...    2025-07-13       0         SAP      _Immobile_          No            
3        0164969382  649693820440399116  OVERFLOW  22202450  PCGR45  ...    2025-07-13       0         SAP      _Immobile_          No            
4        0164969382  649693820440399115  OVERFLOW  22202450  PCGR45  ...    2025-07-13       0         SAP      _Immobile_          No            

[5 rows x 18 columns]
2025-07-13 12:06:26 - ERROR - : Direct Movement is Failed :
2025-07-13 12:07:40 - INFO - Getting site :- PHLMS
2025-07-13 12:07:41 - INFO - Loggin successfull ...
2025-07-13 12:07:41 - INFO - I am in container creation mode, THANKYOU ...
2025-07-13 12:07:42 - INFO - Using product is :- 22202450
2025-07-13 12:07:42 - INFO - Quantity to be prep :- 12
2025-07-13 12:07:42 - INFO - Batch Number is :- 1928063711
2025-07-13 12:07:43 - INFO - Validating ........
2025-07-13 12:07:47 - INFO - Container created successfully
2025-07-13 12:07:47 - INFO - getting some sample of containers.....
2025-07-13 12:07:48 - INFO - Total Number of containers is :- 12 data found
2025-07-13 12:07:50 - INFO - Sample of Contianers is 
  index       Batch       Container No.  Location   Product   Grade  ... Modified Date Version Modified By Movement Status Send To SAP Device Used
0        1928063711  280637110440399131  OVERFLOW  22202450  PCGR45  ...    2025-07-13       0        asis      _Immobile_          No            
1        1928063711  280637110440399130  OVERFLOW  22202450  PCGR45  ...    2025-07-13       0        asis      _Immobile_          No            
2        1928063711  280637110440399129  OVERFLOW  22202450  PCGR45  ...    2025-07-13       0        asis      _Immobile_          No            
3        1928063711  280637110440399128  OVERFLOW  22202450  PCGR45  ...    2025-07-13       0        asis      _Immobile_          No            
4        1928063711  280637110440399127  OVERFLOW  22202450  PCGR45  ...    2025-07-13       0        asis      _Immobile_          No            

[5 rows x 18 columns]
2025-07-13 12:07:53 - ERROR - : Direct Movement is Failed :
2025-07-13 12:16:25 - INFO - Getting site :- PHLMS
2025-07-13 12:16:25 - INFO - Loggin successfull ...
2025-07-13 12:16:25 - INFO - I am in container creation mode, THANKYOU ...
2025-07-13 12:16:26 - INFO - Using product is :- 22202450
2025-07-13 12:16:27 - INFO - Quantity to be prep :- 27
2025-07-13 12:16:27 - INFO - Batch Number is :- 4425198388
2025-07-13 12:16:27 - INFO - Validating ........
2025-07-13 12:16:36 - INFO - Container created successfully
2025-07-13 12:16:36 - INFO - getting some sample of containers.....
2025-07-13 12:16:37 - INFO - Total Number of containers is :- 27 data found
2025-07-13 12:16:40 - INFO - Sample of Contianers is 
  index       Batch       Container No.  Location   Product   Grade  ... Modified Date Version Modified By Movement Status Send To SAP Device Used
0        4425198388  251983880440399158  OVERFLOW  22202450  PCGR45  ...    2025-07-13       0        asis      _Immobile_          No            
1        4425198388  251983880440399157  OVERFLOW  22202450  PCGR45  ...    2025-07-13       0        asis      _Immobile_          No            
2        4425198388  251983880440399156  OVERFLOW  22202450  PCGR45  ...    2025-07-13       0        asis      _Immobile_          No            
3        4425198388  251983880440399155  OVERFLOW  22202450  PCGR45  ...    2025-07-13       0        asis      _Immobile_          No            
4        4425198388  251983880440399154  OVERFLOW  22202450  PCGR45  ...    2025-07-13       0        asis      _Immobile_          No            

[5 rows x 18 columns]
2025-07-13 12:16:42 - ERROR - : Direct Movement is Failed :
2025-07-13 12:17:38 - INFO - Getting site :- PHLMS
2025-07-13 12:17:38 - INFO - Loggin successfull ...
2025-07-13 12:17:38 - INFO - I am in container creation mode, THANKYOU ...
2025-07-13 12:17:40 - INFO - Using product is :- 22202450
2025-07-13 12:17:40 - INFO - Quantity to be prep :- 31
2025-07-13 12:17:40 - INFO - Batch Number is :- 3593404181
2025-07-13 12:17:40 - INFO - Validating ........
2025-07-13 12:17:50 - INFO - Container created successfully
2025-07-13 12:17:50 - INFO - getting some sample of containers.....
2025-07-13 12:17:51 - INFO - Total Number of containers is :- 31 data found
2025-07-13 12:17:55 - INFO - Sample of Contianers is 
  index       Batch       Container No.  Location   Product   Grade  ... Modified Date Version Modified By Movement Status Send To SAP Device Used
0        3593404181  934041810440399189  OVERFLOW  22202450  PCGR45  ...    2025-07-13       0        asis      _Immobile_          No            
1        3593404181  934041810440399188  OVERFLOW  22202450  PCGR45  ...    2025-07-13       0        asis      _Immobile_          No            
2        3593404181  934041810440399187  OVERFLOW  22202450  PCGR45  ...    2025-07-13       0        asis      _Immobile_          No            
3        3593404181  934041810440399186  OVERFLOW  22202450  PCGR45  ...    2025-07-13       0        asis      _Immobile_          No            
4        3593404181  934041810440399185  OVERFLOW  22202450  PCGR45  ...    2025-07-13       0        asis      _Immobile_          No            

[5 rows x 18 columns]
2025-07-13 12:17:58 - INFO - Direct Movement is completed sucessfully......
2025-07-13 12:18:08 - ERROR - Exception occured :-
Traceback (most recent call last):
  File "c:\Users\user\Desktop\Testing_Main\root_project\root_main\pages\directMovement_controller.py", line 83, in directMovement
    click_ok = wait.until(EC.element_to_be_clickable((By.XPATH,"/html/body/div[2]/div/div[3]/button[1]")))
               ^^^^^^^^^^^^^^^^^^^^^^^^^^^^^^^^^^^^^^^^^^^^^^^^^^^^^^^^^^^^^^^^^^^^^^^^^^^^^^^^^^^^^^^^^^^
  File "C:\Users\user\Desktop\Testing_Main\root_project\myenv\Lib\site-packages\selenium\webdriver\support\wait.py", line 138, in until
    raise TimeoutException(message, screen, stacktrace)
selenium.common.exceptions.TimeoutException: Message: 
Stacktrace:
	GetHandleVerifier [0x0x4ed593+37219]
	(No symbol) [0x0x39a716]
	(No symbol) [0x0x1651ce]
	(No symbol) [0x0x19a289]
	(No symbol) [0x0x19a57a]
	(No symbol) [0x0x1c9da2]
	(No symbol) [0x0x1b2834]
	(No symbol) [0x0x193a91]
	(No symbol) [0x0x1c8929]
	(No symbol) [0x0x1b24f6]
	(No symbol) [0x0x193327]
	(No symbol) [0x0x192723]
	(No symbol) [0x0x193144]
	sqlite3_dbdata_init [0x0x5da89c+518364]
	sqlite3_dbdata_init [0x0x6c1ab0+1465072]
	sqlite3_dbdata_init [0x0x6c13e5+1463333]
	sqlite3_dbdata_init [0x0x6b28ec+1403180]
	sqlite3_dbdata_init [0x0x6c22d2+1467154]
	(No symbol) [0x0x3b1d9d]
	(No symbol) [0x0x3a5108]
	(No symbol) [0x0x3a52fb]
	(No symbol) [0x0x38a649]
	BaseThreadInitThunk [0x0x7590fcc9+25]
	RtlGetAppContainerNamedObjectPath [0x0x774d82ae+286]
	RtlGetAppContainerNamedObjectPath [0x0x774d827e+238]
	(No symbol) [0x0]

2025-07-13 12:20:35 - INFO - Getting site :- PHLMS
2025-07-13 12:20:36 - INFO - Loggin successfull ...
2025-07-13 12:20:36 - INFO - I am in container creation mode, THANKYOU ...
2025-07-13 12:20:37 - INFO - Using product is :- 22202450
2025-07-13 12:20:37 - INFO - Quantity to be prep :- 15
2025-07-13 12:20:37 - INFO - Batch Number is :- 7721400920
2025-07-13 12:20:38 - INFO - Validating ........
2025-07-13 12:20:43 - INFO - Container created successfully
2025-07-13 12:20:43 - INFO - getting some sample of containers.....
2025-07-13 12:20:44 - INFO - Total Number of containers is :- 15 data found
2025-07-13 12:20:46 - INFO - Sample of Contianers is 
  index       Batch       Container No.  Location   Product   Grade  ... Modified Date Version Modified By Movement Status Send To SAP Device Used
0        7721400920  214009200440399204  OVERFLOW  22202450  PCGR45  ...    2025-07-13       0        asis      _Immobile_          No            
1        7721400920  214009200440399203  OVERFLOW  22202450  PCGR45  ...    2025-07-13       0        asis      _Immobile_          No            
2        7721400920  214009200440399202  OVERFLOW  22202450  PCGR45  ...    2025-07-13       0        asis      _Immobile_          No            
3        7721400920  214009200440399201  OVERFLOW  22202450  PCGR45  ...    2025-07-13       0        asis      _Immobile_          No            
4        7721400920  214009200440399200  OVERFLOW  22202450  PCGR45  ...    2025-07-13       0        asis      _Immobile_          No            

[5 rows x 18 columns]
2025-07-13 12:20:49 - INFO - Direct Movement is completed sucessfully......
2025-07-13 12:20:59 - ERROR - Exception occured :-
Traceback (most recent call last):
  File "c:\Users\user\Desktop\Testing_Main\root_project\root_main\pages\directMovement_controller.py", line 83, in directMovement
    click_ok = wait.until(EC.element_to_be_clickable((By.XPATH,"/html/body/div[2]/div/div[3]/button[1]")))
               ^^^^^^^^^^^^^^^^^^^^^^^^^^^^^^^^^^^^^^^^^^^^^^^^^^^^^^^^^^^^^^^^^^^^^^^^^^^^^^^^^^^^^^^^^^^
  File "C:\Users\user\Desktop\Testing_Main\root_project\myenv\Lib\site-packages\selenium\webdriver\support\wait.py", line 138, in until
    raise TimeoutException(message, screen, stacktrace)
selenium.common.exceptions.TimeoutException: Message: 
Stacktrace:
	GetHandleVerifier [0x0x4ed593+37219]
	(No symbol) [0x0x39a716]
	(No symbol) [0x0x1651ce]
	(No symbol) [0x0x19a289]
	(No symbol) [0x0x19a57a]
	(No symbol) [0x0x1c9da2]
	(No symbol) [0x0x1b2834]
	(No symbol) [0x0x193a91]
	(No symbol) [0x0x1c8929]
	(No symbol) [0x0x1b24f6]
	(No symbol) [0x0x193327]
	(No symbol) [0x0x192723]
	(No symbol) [0x0x193144]
	sqlite3_dbdata_init [0x0x5da89c+518364]
	sqlite3_dbdata_init [0x0x6c1ab0+1465072]
	sqlite3_dbdata_init [0x0x6c13e5+1463333]
	sqlite3_dbdata_init [0x0x6b28ec+1403180]
	sqlite3_dbdata_init [0x0x6c22d2+1467154]
	(No symbol) [0x0x3b1d9d]
	(No symbol) [0x0x3a5108]
	(No symbol) [0x0x3a52fb]
	(No symbol) [0x0x38a649]
	BaseThreadInitThunk [0x0x7590fcc9+25]
	RtlGetAppContainerNamedObjectPath [0x0x774d82ae+286]
	RtlGetAppContainerNamedObjectPath [0x0x774d827e+238]
	(No symbol) [0x0]

