2025-07-13 13:31:19 - INFO - Getting site :- PHLMS
2025-07-13 13:31:19 - INFO - Loggin successfull ...
2025-07-13 13:31:19 - INFO - I am in container creation mode, THANKYOU ...
2025-07-13 13:31:21 - INFO - Using product is :- 22202450
2025-07-13 13:31:21 - INFO - Quantity to be prep :- 42
2025-07-13 13:31:22 - INFO - Batch Number is :- 8873003868
2025-07-13 13:31:22 - INFO - Validating ........
2025-07-13 13:31:42 - INFO - Please wait taking time in validation...
2025-07-13 13:31:42 - INFO - Validating ........
2025-07-13 13:31:43 - INFO - Container created successfully
2025-07-13 13:31:43 - INFO - getting some sample of containers.....
2025-07-13 13:31:45 - INFO - Total Number of containers is :- 42 data found
2025-07-13 13:31:53 - INFO - Sample of Contianers is 
  index       Batch       Container No.  Location   Product   Grade  ... Modified Date Version Modified By Movement Status Send To SAP Device Used
0        8873003868  730038680440399577  OVERFLOW  22202450  PCGR45  ...    2025-07-13       0        asis      _Immobile_          No            
1        8873003868  730038680440399576  OVERFLOW  22202450  PCGR45  ...    2025-07-13       0        asis      _Immobile_          No            
2        8873003868  730038680440399575  OVERFLOW  22202450  PCGR45  ...    2025-07-13       0        asis      _Immobile_          No            
3        8873003868  730038680440399574  OVERFLOW  22202450  PCGR45  ...    2025-07-13       0        asis      _Immobile_          No            
4        8873003868  730038680440399573  OVERFLOW  22202450  PCGR45  ...    2025-07-13       0        asis      _Immobile_          No            

[5 rows x 18 columns]
2025-07-13 13:31:53 - INFO - i am in Drict movement Mode, THANKYOU...
2025-07-13 13:31:56 - INFO - Direct Movement is completed sucessfully......
2025-07-13 13:50:43 - INFO - Getting site :- PHLMS
2025-07-13 13:50:44 - INFO - Loggin successfull ...
2025-07-13 13:50:44 - INFO - I am in container creation mode, THANKYOU ...
2025-07-13 13:50:46 - INFO - Using product is :- 22202450
2025-07-13 13:50:46 - INFO - Quantity to be prep :- 36
2025-07-13 13:50:46 - INFO - Batch Number is :- 7733423344
2025-07-13 13:50:47 - INFO - Validating ........
2025-07-13 13:51:04 - INFO - Container created successfully
2025-07-13 13:51:04 - INFO - getting some sample of containers.....
2025-07-13 13:51:06 - INFO - Total Number of containers is :- 36 data found
2025-07-13 13:51:13 - INFO - Sample of Contianers is 
  index       Batch       Container No.  Location   Product   Grade  ... Modified Date Version Modified By Movement Status Send To SAP Device Used
0        7733423344  334233440440399613  OVERFLOW  22202450  PCGR45  ...    2025-07-13       0        asis      _Immobile_          No            
1        7733423344  334233440440399612  OVERFLOW  22202450  PCGR45  ...    2025-07-13       0        asis      _Immobile_          No            
2        7733423344  334233440440399611  OVERFLOW  22202450  PCGR45  ...    2025-07-13       0        asis      _Immobile_          No            
3        7733423344  334233440440399610  OVERFLOW  22202450  PCGR45  ...    2025-07-13       0        asis      _Immobile_          No            
4        7733423344  334233440440399609  OVERFLOW  22202450  PCGR45  ...    2025-07-13       0        asis      _Immobile_          No            

[5 rows x 18 columns]
2025-07-13 13:51:13 - INFO - i am in Drict movement Mode, THANKYOU...
2025-07-13 13:51:16 - INFO - Direct Movement completed sucessfully......
